<?xml version="1.0" encoding="UTF-8"?>
<!-- Generated by org.testng.reporters.JUnitReportReporter -->
<testsuite hostname="DESKTOP-MKBTQPC" failures="0" tests="2" name="TestRunner.TestRun" time="87.437" errors="0" timestamp="2022-12-08T01:27:18 IST" skipped="0">
  <testcase classname="TestRunner.TestRun" name="runScenario" time="47.249"/>
  <system-out/>
  <testcase classname="TestRunner.TestRun" name="runScenario" time="40.188"/>
  <system-out/>
</testsuite> <!-- TestRunner.TestRun -->
